<?xml version="1.0" encoding="UTF-8"?>
<!-- Generated by org.testng.reporters.JUnitXMLReporter -->
<testsuite ignored="0" hostname="INFORMA-U973DMK" failures="0" tests="5" name="Test2" time="32.384" errors="0" timestamp="2024-01-25T19:37:08 IST">
  <testcase classname="batchExecution.To_Launch_Loreal" name="loreal" time="11.032"/>
  <testcase classname="batchExecution.To_Launch_Maybelline" name="sugar" time="17.064"/>
  <testcase classname="batchExecution.To_Launch_Apple" name="apple" time="15.235"/>
  <testcase classname="batchExecution.To_Launch_Myntra" name="myntra" time="26.478"/>
  <testcase classname="batchExecution.To_Launch_Sugar" name="sugar" time="32.373"/>
</testsuite> <!-- Test2 -->
