<?xml version="1.0" encoding="UTF-8"?>
<!-- Generated by org.testng.reporters.JUnitXMLReporter -->
<testsuite ignored="0" hostname="INFORMA-U973DMK" failures="0" tests="5" name="Test1" time="33.981" errors="0" timestamp="2024-01-25T19:36:35 IST">
  <testcase classname="batchExecution.To_Launch_Meesho" name="meesho" time="23.739"/>
  <testcase classname="batchExecution.To_Launch_Samsung" name="samsung" time="23.725"/>
  <testcase classname="batchExecution.To_Launch_Amazon" name="amazon" time="23.93"/>
  <testcase classname="batchExecution.To_Launch_Flipkart" name="flipkart" time="23.963"/>
  <testcase classname="batchExecution.To_Launch_Lakme" name="lakme" time="10.187"/>
</testsuite> <!-- Test1 -->
